0 info it worked if it ends with ok
1 verbose cli [ 'node', '/usr/local/bin/npm', 'install' ]
2 info using npm@1.4.28
3 info using node@v0.10.35
4 warn package.json @ No repository field.
5 verbose readDependencies using package.json deps
6 verbose install where, deps [ '/Applications/MAMP/htdocs/DokoikoDev',
6 verbose install   [ 'gulp',
6 verbose install     'laravel-elixir',
6 verbose install     'bootstrap-sass',
6 verbose install     'font-awesome-sass' ] ]
7 info preinstall @
8 verbose readDependencies using package.json deps
9 verbose already installed skipping gulp@^3.8.8 /Applications/MAMP/htdocs/DokoikoDev
10 verbose already installed skipping laravel-elixir@* /Applications/MAMP/htdocs/DokoikoDev
11 verbose already installed skipping bootstrap-sass@3.3.1 /Applications/MAMP/htdocs/DokoikoDev
12 verbose cache add [ 'font-awesome-sass@4.2.0', null ]
13 verbose cache add name=undefined spec="font-awesome-sass@4.2.0" args=["font-awesome-sass@4.2.0",null]
14 verbose parsed url { protocol: null,
14 verbose parsed url   slashes: null,
14 verbose parsed url   auth: null,
14 verbose parsed url   host: null,
14 verbose parsed url   port: null,
14 verbose parsed url   hostname: null,
14 verbose parsed url   hash: null,
14 verbose parsed url   search: null,
14 verbose parsed url   query: null,
14 verbose parsed url   pathname: 'font-awesome-sass@4.2.0',
14 verbose parsed url   path: 'font-awesome-sass@4.2.0',
14 verbose parsed url   href: 'font-awesome-sass@4.2.0' }
15 verbose cache add name="font-awesome-sass" spec="4.2.0" args=["font-awesome-sass","4.2.0"]
16 verbose parsed url { protocol: null,
16 verbose parsed url   slashes: null,
16 verbose parsed url   auth: null,
16 verbose parsed url   host: null,
16 verbose parsed url   port: null,
16 verbose parsed url   hostname: null,
16 verbose parsed url   hash: null,
16 verbose parsed url   search: null,
16 verbose parsed url   query: null,
16 verbose parsed url   pathname: '4.2.0',
16 verbose parsed url   path: '4.2.0',
16 verbose parsed url   href: '4.2.0' }
17 verbose addNamed [ 'font-awesome-sass', '4.2.0' ]
18 verbose addNamed [ '4.2.0', '4.2.0' ]
19 silly lockFile 80e885f9-font-awesome-sass-4-2-0 font-awesome-sass@4.2.0
20 verbose lock font-awesome-sass@4.2.0 /Users/Quentin/.npm/80e885f9-font-awesome-sass-4-2-0.lock
21 verbose request where is /font-awesome-sass
22 verbose request registry https://registry.npmjs.org/
23 verbose request id 0de2a125c5b6a1f1
24 verbose url raw /font-awesome-sass
25 verbose url resolving [ 'https://registry.npmjs.org/', './font-awesome-sass' ]
26 verbose url resolved https://registry.npmjs.org/font-awesome-sass
27 verbose request where is https://registry.npmjs.org/font-awesome-sass
28 info trying registry request attempt 1 at 20:38:15
29 http GET https://registry.npmjs.org/font-awesome-sass
30 http 404 https://registry.npmjs.org/font-awesome-sass
31 verbose headers { date: 'Mon, 29 Dec 2014 19:38:16 GMT',
31 verbose headers   server: 'CouchDB/1.5.0 (Erlang OTP/R16B03)',
31 verbose headers   'content-type': 'application/json',
31 verbose headers   'cache-control': 'max-age=0',
31 verbose headers   'content-length': '52',
31 verbose headers   'accept-ranges': 'bytes',
31 verbose headers   via: '1.1 varnish',
31 verbose headers   age: '0',
31 verbose headers   'x-served-by': 'cache-lcy1131-LCY',
31 verbose headers   'x-cache': 'MISS',
31 verbose headers   'x-cache-hits': '0',
31 verbose headers   'x-timer': 'S1419881895.969531,VS0,VE627',
31 verbose headers   'keep-alive': 'timeout=10, max=50',
31 verbose headers   connection: 'Keep-Alive' }
32 silly registry.get cb [ 404,
32 silly registry.get   { date: 'Mon, 29 Dec 2014 19:38:16 GMT',
32 silly registry.get     server: 'CouchDB/1.5.0 (Erlang OTP/R16B03)',
32 silly registry.get     'content-type': 'application/json',
32 silly registry.get     'cache-control': 'max-age=0',
32 silly registry.get     'content-length': '52',
32 silly registry.get     'accept-ranges': 'bytes',
32 silly registry.get     via: '1.1 varnish',
32 silly registry.get     age: '0',
32 silly registry.get     'x-served-by': 'cache-lcy1131-LCY',
32 silly registry.get     'x-cache': 'MISS',
32 silly registry.get     'x-cache-hits': '0',
32 silly registry.get     'x-timer': 'S1419881895.969531,VS0,VE627',
32 silly registry.get     'keep-alive': 'timeout=10, max=50',
32 silly registry.get     connection: 'Keep-Alive' } ]
33 silly lockFile 80e885f9-font-awesome-sass-4-2-0 font-awesome-sass@4.2.0
34 silly lockFile 80e885f9-font-awesome-sass-4-2-0 font-awesome-sass@4.2.0
35 error 404 404 Not Found: font-awesome-sass
35 error 404
35 error 404 'font-awesome-sass' is not in the npm registry.
35 error 404 You should bug the author to publish it
35 error 404
35 error 404 Note that you can also install from a
35 error 404 tarball, folder, or http url, or git url.
36 error System Darwin 14.0.0
37 error command "node" "/usr/local/bin/npm" "install"
38 error cwd /Applications/MAMP/htdocs/DokoikoDev
39 error node -v v0.10.35
40 error npm -v 1.4.28
41 error code E404
42 verbose exit [ 1, true ]
